[01m[K/home/vivek/On-Codes/Batch-Opt-Highway-Driving/ros_ws/src/mpc_car_acado/src/main_acado.cpp:[m[K In constructor â€˜[01m[KMinimalPublisher::MinimalPublisher()[m[Kâ€™:
[01m[K/home/vivek/On-Codes/Batch-Opt-Highway-Driving/ros_ws/src/mpc_car_acado/src/main_acado.cpp:127:22:[m[K [01;31m[Kerror: [m[Kâ€˜[01m[Kprob_data[m[Kâ€™ was not declared in this scope
  127 |   for(int i = 0; i < [01;31m[Kprob_data[m[K.num_goal; i++)
      |                      [01;31m[K^~~~~~~~~[m[K
[01m[K/home/vivek/On-Codes/Batch-Opt-Highway-Driving/ros_ws/src/mpc_car_acado/src/main_acado.cpp:142:10:[m[K [01;35m[Kwarning: [m[KISO C++ forbids variable length array â€˜[01m[KThread[m[Kâ€™ [[01;35m[K-Wvla[m[K]
  142 |   thread [01;35m[KThread[m[K[num_goal];
      |          [01;35m[K^~~~~~[m[K
[01m[K/home/vivek/On-Codes/Batch-Opt-Highway-Driving/ros_ws/src/mpc_car_acado/src/main_acado.cpp:[m[K In member function â€˜[01m[Kvoid MinimalPublisher::optimize(int)[m[Kâ€™:
[01m[K/home/vivek/On-Codes/Batch-Opt-Highway-Driving/ros_ws/src/mpc_car_acado/src/main_acado.cpp:325:18:[m[K [01;35m[Kwarning: [m[Kunused variable â€˜[01m[Kt2[m[Kâ€™ [[01;35m[K-Wunused-variable[m[K]
  325 |   acado_timer t, [01;35m[Kt2[m[K;
      |                  [01;35m[K^~[m[K
make[2]: *** [CMakeFiles/mpc_node.dir/build.make:63: CMakeFiles/mpc_node.dir/src/main_acado.cpp.o] Error 1
make[1]: *** [CMakeFiles/Makefile2:80: CMakeFiles/mpc_node.dir/all] Error 2
make: *** [Makefile:141: all] Error 2
